<?xml version="1.0" encoding="UTF-8"?>
<testsuite xmlns:xsi="http://www.w3.org/2001/XMLSchema-instance" xsi:noNamespaceSchemaLocation="https://maven.apache.org/surefire/maven-surefire-plugin/xsd/surefire-test-report-3.0.xsd" version="3.0" name="pl.edu.pw.ee.MainIntegrationTest" time="36.161" tests="11" errors="0" skipped="0" failures="0">
  <properties>
[...]
</properties>
  <testcase name="testCompressionWithDifferentValues(int)[1]" classname="pl.edu.pw.ee.MainIntegrationTest" time="0.274">
    <system-out><![CDATA[
--- TESTING WITH VALUE: 1 ---
mode is correct
Input path is correct
Output path is correct
mode is correct
Input path is correct
Output path is correct
mode is correct
Input path is correct
Output path is correct
mode is correct
Input path is correct
Output path is correct
mode is correct
Input path is correct
Output path is correct
mode is correct
Input path is correct
Output path is correct
mode is correct
Input path is correct
Output path is correct
mode is correct
Input path is correct
Output path is correct
]]></system-out>
  </testcase>
  <testcase name="testCompressionWithDifferentValues(int)[2]" classname="pl.edu.pw.ee.MainIntegrationTest" time="0.436">
    <system-out><![CDATA[
--- TESTING WITH VALUE: 2 ---
mode is correct
Input path is correct
Output path is correct
mode is correct
Input path is correct
Output path is correct
mode is correct
Input path is correct
Output path is correct
mode is correct
Input path is correct
Output path is correct
mode is correct
Input path is correct
Output path is correct
mode is correct
Input path is correct
Output path is correct
mode is correct
Input path is correct
Output path is correct
mode is correct
Input path is correct
Output path is correct
]]></system-out>
  </testcase>
  <testcase name="testCompressionWithDifferentValues(int)[3]" classname="pl.edu.pw.ee.MainIntegrationTest" time="0.882">
    <system-out><![CDATA[
--- TESTING WITH VALUE: 3 ---
mode is correct
Input path is correct
Output path is correct
mode is correct
Input path is correct
Output path is correct
mode is correct
Input path is correct
Output path is correct
mode is correct
Input path is correct
Output path is correct
mode is correct
Input path is correct
Output path is correct
mode is correct
Input path is correct
Output path is correct
mode is correct
Input path is correct
Output path is correct
mode is correct
Input path is correct
Output path is correct
]]></system-out>
  </testcase>
  <testcase name="testCompressionWithDifferentValues(int)[4]" classname="pl.edu.pw.ee.MainIntegrationTest" time="1.706">
    <system-out><![CDATA[
--- TESTING WITH VALUE: 4 ---
mode is correct
Input path is correct
Output path is correct
mode is correct
Input path is correct
Output path is correct
mode is correct
Input path is correct
Output path is correct
mode is correct
Input path is correct
Output path is correct
mode is correct
Input path is correct
Output path is correct
mode is correct
Input path is correct
Output path is correct
mode is correct
Input path is correct
Output path is correct
mode is correct
Input path is correct
Output path is correct
]]></system-out>
  </testcase>
  <testcase name="testCompressionWithDifferentValues(int)[5]" classname="pl.edu.pw.ee.MainIntegrationTest" time="2.797">
    <system-out><![CDATA[
--- TESTING WITH VALUE: 5 ---
mode is correct
Input path is correct
Output path is correct
mode is correct
Input path is correct
Output path is correct
mode is correct
Input path is correct
Output path is correct
mode is correct
Input path is correct
Output path is correct
mode is correct
Input path is correct
Output path is correct
mode is correct
Input path is correct
Output path is correct
mode is correct
Input path is correct
Output path is correct
mode is correct
Input path is correct
Output path is correct
]]></system-out>
  </testcase>
  <testcase name="testCompressionWithDifferentValues(int)[6]" classname="pl.edu.pw.ee.MainIntegrationTest" time="3.899">
    <system-out><![CDATA[
--- TESTING WITH VALUE: 6 ---
mode is correct
Input path is correct
Output path is correct
mode is correct
Input path is correct
Output path is correct
mode is correct
Input path is correct
Output path is correct
mode is correct
Input path is correct
Output path is correct
mode is correct
Input path is correct
Output path is correct
mode is correct
Input path is correct
Output path is correct
mode is correct
Input path is correct
Output path is correct
mode is correct
Input path is correct
Output path is correct
]]></system-out>
  </testcase>
  <testcase name="testCompressionWithDifferentValues(int)[7]" classname="pl.edu.pw.ee.MainIntegrationTest" time="4.462">
    <system-out><![CDATA[
--- TESTING WITH VALUE: 7 ---
mode is correct
Input path is correct
Output path is correct
mode is correct
Input path is correct
Output path is correct
mode is correct
Input path is correct
Output path is correct
mode is correct
Input path is correct
Output path is correct
mode is correct
Input path is correct
Output path is correct
mode is correct
Input path is correct
Output path is correct
mode is correct
Input path is correct
Output path is correct
mode is correct
Input path is correct
Output path is correct
]]></system-out>
  </testcase>
  <testcase name="testCompressionWithDifferentValues(int)[8]" classname="pl.edu.pw.ee.MainIntegrationTest" time="5.656">
    <system-out><![CDATA[
--- TESTING WITH VALUE: 8 ---
mode is correct
Input path is correct
Output path is correct
mode is correct
Input path is correct
Output path is correct
mode is correct
Input path is correct
Output path is correct
mode is correct
Input path is correct
Output path is correct
mode is correct
Input path is correct
Output path is correct
mode is correct
Input path is correct
Output path is correct
mode is correct
Input path is correct
Output path is correct
mode is correct
Input path is correct
Output path is correct
]]></system-out>
  </testcase>
  <testcase name="testCompressionWithDifferentValues(int)[9]" classname="pl.edu.pw.ee.MainIntegrationTest" time="7.235">
    <system-out><![CDATA[
--- TESTING WITH VALUE: 9 ---
mode is correct
Input path is correct
Output path is correct
mode is correct
Input path is correct
Output path is correct
mode is correct
Input path is correct
Output path is correct
mode is correct
Input path is correct
Output path is correct
mode is correct
Input path is correct
Output path is correct
mode is correct
Input path is correct
Output path is correct
mode is correct
Input path is correct
Output path is correct
mode is correct
Input path is correct
Output path is correct
]]></system-out>
  </testcase>
  <testcase name="testCompressionWithDifferentValues(int)[10]" classname="pl.edu.pw.ee.MainIntegrationTest" time="7.879">
    <system-out><![CDATA[
--- TESTING WITH VALUE: 10 ---
mode is correct
Input path is correct
Output path is correct
mode is correct
Input path is correct
Output path is correct
mode is correct
Input path is correct
Output path is correct
mode is correct
Input path is correct
Output path is correct
mode is correct
Input path is correct
Output path is correct
mode is correct
Input path is correct
Output path is correct
mode is correct
Input path is correct
Output path is correct
mode is correct
Input path is correct
Output path is correct
]]></system-out>
  </testcase>
  <testcase name="compressAndDecompressAllResourcesInSrc" classname="pl.edu.pw.ee.MainIntegrationTest" time="0.837">
    <system-out><![CDATA[Processing: bigfile.txt
mode is correct
Input path is correct
Output path is correct
mode is correct
Input path is correct
Output path is correct
Processing: Niemanie.txt
mode is correct
Input path is correct
Output path is correct
mode is correct
Input path is correct
Output path is correct
Processing: seaLion.jpg
mode is correct
Input path is correct
Output path is correct
mode is correct
Input path is correct
Output path is correct
Processing: test.zip
mode is correct
Input path is correct
Output path is correct
mode is correct
Input path is correct
Output path is correct

=== COMPRESSION SUMMARY ===
bigfile.txt -> original: 19270 bytes, compressed: 19113 bytes, decompressed: 19270 bytes, ratio: 0,99
Niemanie.txt -> original: 159 bytes, compressed: 239 bytes, decompressed: 159 bytes, ratio: 1,50
seaLion.jpg -> original: 7847 bytes, compressed: 10937 bytes, decompressed: 7847 bytes, ratio: 1,39
test.zip -> original: 8983 bytes, compressed: 12505 bytes, decompressed: 8983 bytes, ratio: 1,39
===========================
]]></system-out>
  </testcase>
</testsuite>